<?xml version="1.0" encoding="UTF-8"?>
<!-- Generated by org.testng.reporters.JUnitReportReporter -->
<testsuite hostname="DESKTOP-T06D6GA" failures="0" tests="1" name="com.crm.qa.testdata.LoginPageTest" time="6.949" errors="0" timestamp="07 Apr 2022 14:51:28 GMT" skipped="0">
  <testcase classname="com.crm.qa.testdata.LoginPageTest" name="loginTest" time="6.949"/>
</testsuite> <!-- com.crm.qa.testdata.LoginPageTest -->
